{"timestamp":"2025-11-27T01:43:22.409Z","event":"draw_attempt","userId":6}
{"timestamp":"2025-11-27T01:43:22.416Z","event":"draw_loaded_participants","count":7,"claimed":1}
{"timestamp":"2025-11-27T01:43:22.429Z","event":"draw_success","userId":6,"assignmentCount":7}
{"timestamp":"2025-11-27T02:29:39.935Z","event":"draw_attempt","dev":true}
{"timestamp":"2025-11-27T02:29:39.941Z","event":"draw_loaded_participants","count":6,"claimed":0}
{"timestamp":"2025-11-27T02:29:39.953Z","event":"draw_success","dev":true,"assignmentCount":6}
{"timestamp":"2025-11-27T02:59:53.360Z","event":"draw_request_received","method":"POST","path":"/api/draw","headers":{"content-type":"application/json"}}
{"timestamp":"2025-11-27T02:59:53.366Z","event":"draw_attempt","userId":7}
{"timestamp":"2025-11-27T02:59:53.371Z","event":"draw_loaded_participants","count":7,"claimed":1}
{"timestamp":"2025-11-27T02:59:53.384Z","event":"draw_success","userId":7,"assignmentCount":7}
{"timestamp":"2025-11-27T03:20:56.854Z","event":"draw_request_received","method":"POST","path":"/api/draw","headers":{"content-type":"application/json"}}
{"timestamp":"2025-11-27T03:20:56.859Z","event":"draw_attempt","userId":1}
{"timestamp":"2025-11-27T03:20:56.864Z","event":"draw_loaded_participants","count":7,"claimed":1}
{"timestamp":"2025-11-27T03:20:56.876Z","event":"draw_success","userId":1,"assignmentCount":7}
{"timestamp":"2025-11-27T03:21:10.494Z","event":"draw_request_received","method":"POST","path":"/api/draw","headers":{"origin":"http://localhost:5173","accept":"*/*","content-type":"application/json"}}
{"timestamp":"2025-11-27T03:21:10.500Z","event":"draw_attempt","userId":1}
{"timestamp":"2025-11-27T03:21:10.506Z","event":"draw_loaded_participants","count":7,"claimed":1}
{"timestamp":"2025-11-27T03:21:10.519Z","event":"draw_success","userId":1,"assignmentCount":7}
{"timestamp":"2025-11-27T03:22:52.889Z","event":"draw_reset","userId":1}
{"timestamp":"2025-11-27T03:22:59.786Z","event":"draw_reset","userId":1}
{"timestamp":"2025-11-27T03:23:02.906Z","event":"draw_request_received","method":"POST","path":"/api/draw","headers":{"origin":"http://localhost:5173","accept":"*/*","content-type":"application/json"}}
{"timestamp":"2025-11-27T03:23:02.911Z","event":"draw_attempt","userId":1}
{"timestamp":"2025-11-27T03:23:02.917Z","event":"draw_loaded_participants","count":7,"claimed":1}
{"timestamp":"2025-11-27T03:23:02.930Z","event":"draw_success","userId":1,"assignmentCount":7}
{"timestamp":"2025-11-27T03:23:07.224Z","event":"draw_reset","userId":1}
{"timestamp":"2025-11-27T03:23:09.708Z","event":"draw_request_received","method":"POST","path":"/api/draw","headers":{"origin":"http://localhost:5173","accept":"*/*","content-type":"application/json"}}
{"timestamp":"2025-11-27T03:23:09.713Z","event":"draw_attempt","userId":1}
{"timestamp":"2025-11-27T03:23:09.717Z","event":"draw_loaded_participants","count":7,"claimed":1}
{"timestamp":"2025-11-27T03:23:09.729Z","event":"draw_success","userId":1,"assignmentCount":7}
{"timestamp":"2025-11-27T03:23:14.165Z","event":"draw_reset","userId":1}
{"timestamp":"2025-11-27T03:27:55.907Z","event":"draw_request_received","method":"POST","path":"/api/draw","headers":{"origin":"http://localhost:5173","accept":"*/*","content-type":"application/json"}}
{"timestamp":"2025-11-27T03:27:55.912Z","event":"draw_attempt","userId":1}
{"timestamp":"2025-11-27T03:27:55.917Z","event":"draw_loaded_participants","count":7,"claimed":1}
{"timestamp":"2025-11-27T03:27:55.930Z","event":"draw_success","userId":1,"assignmentCount":7}
{"timestamp":"2025-11-27T03:28:05.738Z","event":"draw_reset","userId":1}
{"timestamp":"2025-11-27T03:28:11.006Z","event":"draw_request_received","method":"POST","path":"/api/draw","headers":{"origin":"http://localhost:5173","accept":"*/*","content-type":"application/json"}}
{"timestamp":"2025-11-27T03:28:11.011Z","event":"draw_attempt","userId":1}
{"timestamp":"2025-11-27T03:28:11.016Z","event":"draw_loaded_participants","count":7,"claimed":1}
{"timestamp":"2025-11-27T03:28:11.027Z","event":"draw_success","userId":1,"assignmentCount":7}
{"timestamp":"2025-11-27T03:28:20.738Z","event":"draw_reset","userId":1}
{"timestamp":"2025-11-27T03:28:24.504Z","event":"draw_request_received","method":"POST","path":"/api/draw","headers":{"origin":"http://localhost:5173","accept":"*/*","content-type":"application/json"}}
{"timestamp":"2025-11-27T03:28:24.509Z","event":"draw_attempt","userId":1}
{"timestamp":"2025-11-27T03:28:24.515Z","event":"draw_loaded_participants","count":7,"claimed":1}
{"timestamp":"2025-11-27T03:28:24.526Z","event":"draw_success","userId":1,"assignmentCount":7}
{"timestamp":"2025-11-27T03:32:02.576Z","event":"draw_reset","userId":1}
{"timestamp":"2025-11-27T03:45:31.405Z","event":"draw_request_received","method":"POST","path":"/api/draw","headers":{"origin":"http://localhost:5173","accept":"*/*","content-type":"application/json"}}
{"timestamp":"2025-11-27T03:45:31.410Z","event":"draw_attempt","userId":1}
{"timestamp":"2025-11-27T03:45:31.416Z","event":"draw_loaded_participants","count":7,"claimed":1}
{"timestamp":"2025-11-27T03:45:31.427Z","event":"draw_success","userId":1,"assignmentCount":7}
{"timestamp":"2025-11-27T03:53:29.942Z","event":"draw_reset","userId":1}
{"timestamp":"2025-11-27T16:37:02.969Z","event":"draw_request_received","method":"POST","path":"/api/draw","headers":{"origin":"http://localhost:5173","accept":"*/*","content-type":"application/json"}}
{"timestamp":"2025-11-27T16:37:03.017Z","event":"draw_attempt","userId":1}
{"timestamp":"2025-11-27T16:37:03.023Z","event":"draw_loaded_participants","count":7,"claimed":3}
{"timestamp":"2025-11-27T16:37:03.030Z","event":"draw_error","userId":1,"message":"pairU is not defined"}
{"timestamp":"2025-11-27T16:37:29.317Z","event":"draw_request_received","method":"POST","path":"/api/draw","headers":{"origin":"http://localhost:5173","accept":"*/*","content-type":"application/json"}}
{"timestamp":"2025-11-27T16:37:29.322Z","event":"draw_attempt","userId":1}
{"timestamp":"2025-11-27T16:37:29.327Z","event":"draw_loaded_participants","count":7,"claimed":3}
{"timestamp":"2025-11-27T16:37:29.332Z","event":"draw_error","userId":1,"message":"pairU is not defined"}
{"timestamp":"2025-11-27T16:37:33.175Z","event":"draw_request_received","method":"POST","path":"/api/draw","headers":{"origin":"http://localhost:5173","accept":"*/*","content-type":"application/json"}}
{"timestamp":"2025-11-27T16:37:33.180Z","event":"draw_attempt","userId":1}
{"timestamp":"2025-11-27T16:37:33.185Z","event":"draw_loaded_participants","count":7,"claimed":3}
{"timestamp":"2025-11-27T16:37:33.190Z","event":"draw_error","userId":1,"message":"pairU is not defined"}
{"timestamp":"2025-11-27T16:37:36.932Z","event":"draw_request_received","method":"POST","path":"/api/draw","headers":{"origin":"http://localhost:5173","accept":"*/*","content-type":"application/json"}}
{"timestamp":"2025-11-27T16:37:36.938Z","event":"draw_attempt","userId":1}
{"timestamp":"2025-11-27T16:37:36.944Z","event":"draw_loaded_participants","count":7,"claimed":3}
{"timestamp":"2025-11-27T16:37:36.950Z","event":"draw_error","userId":1,"message":"pairU is not defined"}
{"timestamp":"2025-11-27T16:41:37.657Z","event":"draw_request_received","method":"POST","path":"/api/draw","headers":{"origin":"http://localhost:5173","accept":"*/*","content-type":"application/json"}}
{"timestamp":"2025-11-27T16:41:37.663Z","event":"draw_attempt","userId":1}
{"timestamp":"2025-11-27T16:41:37.668Z","event":"draw_loaded_participants","count":7,"claimed":3}
{"timestamp":"2025-11-27T16:41:37.674Z","event":"draw_error","userId":1,"message":"pairU is not defined"}
{"timestamp":"2025-11-27T16:43:26.094Z","event":"draw_request_received","method":"POST","path":"/api/draw","headers":{"origin":"http://localhost:5173","accept":"*/*","content-type":"application/json"}}
{"timestamp":"2025-11-27T16:43:26.100Z","event":"draw_attempt","userId":1}
{"timestamp":"2025-11-27T16:43:26.106Z","event":"draw_loaded_participants","count":7,"claimed":3}
{"timestamp":"2025-11-27T16:43:26.120Z","event":"draw_success","userId":1,"assignmentCount":7}
{"timestamp":"2025-11-27T16:45:55.286Z","event":"draw_reset","userId":1}
{"timestamp":"2025-11-27T16:45:58.998Z","event":"draw_request_received","method":"POST","path":"/api/draw","headers":{"origin":"http://localhost:5173","accept":"*/*","content-type":"application/json"}}
{"timestamp":"2025-11-27T16:45:59.003Z","event":"draw_attempt","userId":1}
{"timestamp":"2025-11-27T16:45:59.009Z","event":"draw_loaded_participants","count":7,"claimed":3}
{"timestamp":"2025-11-27T16:45:59.022Z","event":"draw_success","userId":1,"assignmentCount":7}
{"timestamp":"2025-11-27T16:47:12.270Z","event":"draw_reset","userId":1}
{"timestamp":"2025-11-27T16:47:39.263Z","event":"draw_request_received","method":"POST","path":"/api/draw","headers":{"origin":"http://localhost:5173","accept":"*/*","content-type":"application/json"}}
{"timestamp":"2025-11-27T16:47:39.268Z","event":"draw_attempt","userId":1}
{"timestamp":"2025-11-27T16:47:39.273Z","event":"draw_loaded_participants","count":7,"claimed":3}
{"timestamp":"2025-11-27T16:47:39.285Z","event":"draw_success","userId":1,"assignmentCount":7}
{"timestamp":"2025-11-27T16:47:49.381Z","event":"draw_reset","userId":1}
{"timestamp":"2025-11-27T16:47:51.315Z","event":"draw_request_received","method":"POST","path":"/api/draw","headers":{"origin":"http://localhost:5173","accept":"*/*","content-type":"application/json"}}
{"timestamp":"2025-11-27T16:47:51.320Z","event":"draw_attempt","userId":1}
{"timestamp":"2025-11-27T16:47:51.325Z","event":"draw_loaded_participants","count":7,"claimed":3}
{"timestamp":"2025-11-27T16:47:51.336Z","event":"draw_success","userId":1,"assignmentCount":7}
{"timestamp":"2025-11-27T16:47:58.957Z","event":"draw_reset","userId":1}
{"timestamp":"2025-11-27T16:48:01.765Z","event":"draw_request_received","method":"POST","path":"/api/draw","headers":{"origin":"http://localhost:5173","accept":"*/*","content-type":"application/json"}}
{"timestamp":"2025-11-27T16:48:01.770Z","event":"draw_attempt","userId":1}
{"timestamp":"2025-11-27T16:48:01.775Z","event":"draw_loaded_participants","count":7,"claimed":3}
{"timestamp":"2025-11-27T16:48:01.786Z","event":"draw_success","userId":1,"assignmentCount":7}
{"timestamp":"2025-11-27T16:48:13.665Z","event":"draw_reset","userId":1}
{"timestamp":"2025-11-27T16:48:23.061Z","event":"draw_request_received","method":"POST","path":"/api/draw","headers":{"origin":"http://localhost:5173","accept":"*/*","content-type":"application/json"}}
{"timestamp":"2025-11-27T16:48:23.065Z","event":"draw_attempt","userId":1}
{"timestamp":"2025-11-27T16:48:23.070Z","event":"draw_loaded_participants","count":7,"claimed":3}
{"timestamp":"2025-11-27T16:48:23.081Z","event":"draw_success","userId":1,"assignmentCount":7}
{"timestamp":"2025-11-27T16:48:31.024Z","event":"draw_reset","userId":1}
{"timestamp":"2025-11-27T16:48:32.485Z","event":"draw_request_received","method":"POST","path":"/api/draw","headers":{"origin":"http://localhost:5173","accept":"*/*","content-type":"application/json"}}
{"timestamp":"2025-11-27T16:48:32.491Z","event":"draw_attempt","userId":1}
{"timestamp":"2025-11-27T16:48:32.497Z","event":"draw_loaded_participants","count":7,"claimed":3}
{"timestamp":"2025-11-27T16:48:32.508Z","event":"draw_success","userId":1,"assignmentCount":7}
{"timestamp":"2025-11-27T16:48:40.047Z","event":"draw_reset","userId":1}
{"timestamp":"2025-11-27T16:48:42.355Z","event":"draw_request_received","method":"POST","path":"/api/draw","headers":{"origin":"http://localhost:5173","accept":"*/*","content-type":"application/json"}}
{"timestamp":"2025-11-27T16:48:42.360Z","event":"draw_attempt","userId":1}
{"timestamp":"2025-11-27T16:48:42.365Z","event":"draw_loaded_participants","count":7,"claimed":3}
{"timestamp":"2025-11-27T16:48:42.378Z","event":"draw_success","userId":1,"assignmentCount":7}
{"timestamp":"2025-11-27T16:48:49.868Z","event":"draw_reset","userId":1}
{"timestamp":"2025-11-27T16:48:51.567Z","event":"draw_request_received","method":"POST","path":"/api/draw","headers":{"origin":"http://localhost:5173","accept":"*/*","content-type":"application/json"}}
{"timestamp":"2025-11-27T16:48:51.572Z","event":"draw_attempt","userId":1}
{"timestamp":"2025-11-27T16:48:51.577Z","event":"draw_loaded_participants","count":7,"claimed":3}
{"timestamp":"2025-11-27T16:48:51.588Z","event":"draw_success","userId":1,"assignmentCount":7}
{"timestamp":"2025-11-27T16:48:58.887Z","event":"draw_reset","userId":1}
